0 info it worked if it ends with ok
1 verbose cli [ 'C:\\Program Files\\nodejs\\\\node.exe',
1 verbose cli   'C:\\Program Files\\nodejs\\node_modules\\npm\\bin\\npm-cli.js',
1 verbose cli   'install',
1 verbose cli   'fontawesome',
1 verbose cli   '--save' ]
2 info using npm@1.4.28
3 info using node@v0.10.33
4 verbose node symlink C:\Program Files\nodejs\\node.exe
5 warn package.json wwwforexgocom@0.1.0 No description
6 warn package.json wwwforexgocom@0.1.0 No repository field.
7 warn package.json wwwforexgocom@0.1.0 No README data
8 verbose readDependencies using package.json deps
9 verbose cache add [ 'fontawesome', null ]
10 verbose cache add name=undefined spec="fontawesome" args=["fontawesome",null]
11 verbose parsed url { protocol: null,
11 verbose parsed url   slashes: null,
11 verbose parsed url   auth: null,
11 verbose parsed url   host: null,
11 verbose parsed url   port: null,
11 verbose parsed url   hostname: null,
11 verbose parsed url   hash: null,
11 verbose parsed url   search: null,
11 verbose parsed url   query: null,
11 verbose parsed url   pathname: 'fontawesome',
11 verbose parsed url   path: 'fontawesome',
11 verbose parsed url   href: 'fontawesome' }
12 silly lockFile 92da89aa-fontawesome fontawesome
13 verbose lock fontawesome C:\Users\BMT\AppData\Roaming\npm-cache\92da89aa-fontawesome.lock
14 silly lockFile 92da89aa-fontawesome fontawesome
15 silly lockFile 92da89aa-fontawesome fontawesome
16 verbose addNamed [ 'fontawesome', '' ]
17 verbose addNamed [ null, '*' ]
18 silly lockFile 65fa7e33-fontawesome fontawesome@
19 verbose lock fontawesome@ C:\Users\BMT\AppData\Roaming\npm-cache\65fa7e33-fontawesome.lock
20 silly addNameRange { name: 'fontawesome', range: '*', hasData: false }
21 verbose request where is /fontawesome
22 verbose request registry https://registry.npmjs.org/
23 verbose request id 5599e4486a958dbf
24 verbose url raw /fontawesome
25 verbose url resolving [ 'https://registry.npmjs.org/', './fontawesome' ]
26 verbose url resolved https://registry.npmjs.org/fontawesome
27 verbose request where is https://registry.npmjs.org/fontawesome
28 info trying registry request attempt 1 at 15:31:38
29 http GET https://registry.npmjs.org/fontawesome
30 http 404 https://registry.npmjs.org/fontawesome
31 silly registry.get cb [ 404,
31 silly registry.get   { 'content-type': 'application/json',
31 silly registry.get     'cache-control': 'max-age=0',
31 silly registry.get     'content-length': '2',
31 silly registry.get     'accept-ranges': 'bytes',
31 silly registry.get     date: 'Fri, 04 Sep 2015 08:31:32 GMT',
31 silly registry.get     via: '1.1 varnish',
31 silly registry.get     age: '0',
31 silly registry.get     connection: 'keep-alive',
31 silly registry.get     'x-served-by': 'cache-sin6922-SIN',
31 silly registry.get     'x-cache': 'MISS',
31 silly registry.get     'x-cache-hits': '0',
31 silly registry.get     'x-timer': 'S1441355492.378445,VS0,VE252' } ]
32 silly lockFile 65fa7e33-fontawesome fontawesome@
33 silly lockFile 65fa7e33-fontawesome fontawesome@
34 error 404 Not Found
34 error 404
34 error 404 'fontawesome' is not in the npm registry.
34 error 404 You should bug the author to publish it
34 error 404 It was specified as a dependency of 'wwwforexgocom'
34 error 404
34 error 404 Note that you can also install from a
34 error 404 tarball, folder, or http url, or git url.
35 error System Windows_NT 6.1.7601
36 error command "C:\\Program Files\\nodejs\\\\node.exe" "C:\\Program Files\\nodejs\\node_modules\\npm\\bin\\npm-cli.js" "install" "fontawesome" "--save"
37 error cwd C:\xampp\htdocs\forexgo
38 error node -v v0.10.33
39 error npm -v 1.4.28
40 error code E404
41 verbose exit [ 1, true ]
